2023-05-29 16:57:45,014 INFO com.dgv.restaurant.DemoApplication [restartedMain] Starting DemoApplication using Java 17.0.4 on Laptop-PranavDesai with PID 10484 (C:\Users\Pranav Desai\Desktop\Projects2\RestaurantSpring\RestaurantManage\target\classes started by Pranav Desai in C:\Users\Pranav Desai\Desktop\Projects2\RestaurantSpring\RestaurantManage)
2023-05-29 16:57:45,014 INFO com.dgv.restaurant.DemoApplication [restartedMain] No active profile set, falling back to 1 default profile: "default"
2023-05-29 16:57:45,140 INFO org.springframework.data.repository.config.RepositoryConfigurationDelegate [restartedMain] Bootstrapping Spring Data JPA repositories in DEFAULT mode.
2023-05-29 16:57:45,160 INFO org.springframework.data.repository.config.RepositoryConfigurationDelegate [restartedMain] Finished Spring Data repository scanning in 17 ms. Found 4 JPA repository interfaces.
2023-05-29 16:57:45,215 INFO org.springframework.boot.web.embedded.tomcat.TomcatWebServer [restartedMain] Tomcat initialized with port(s): 8080 (http)
2023-05-29 16:57:45,216 INFO org.apache.coyote.http11.Http11NioProtocol [restartedMain] Initializing ProtocolHandler ["http-nio-8080"]
2023-05-29 16:57:45,216 INFO org.apache.catalina.core.StandardService [restartedMain] Starting service [Tomcat]
2023-05-29 16:57:45,216 INFO org.apache.catalina.core.StandardEngine [restartedMain] Starting Servlet engine: [Apache Tomcat/9.0.63]
2023-05-29 16:57:45,235 INFO org.apache.catalina.core.ContainerBase.[Tomcat].[localhost].[/] [restartedMain] Initializing Spring embedded WebApplicationContext
2023-05-29 16:57:45,236 INFO org.springframework.boot.web.servlet.context.ServletWebServerApplicationContext [restartedMain] Root WebApplicationContext: initialization completed in 219 ms
2023-05-29 16:57:45,266 INFO org.hibernate.jpa.internal.util.LogHelper [restartedMain] HHH000204: Processing PersistenceUnitInfo [name: default]
2023-05-29 16:57:45,271 INFO com.zaxxer.hikari.HikariDataSource [restartedMain] HikariPool-2 - Starting...
2023-05-29 16:57:46,747 INFO com.zaxxer.hikari.HikariDataSource [restartedMain] HikariPool-2 - Start completed.
2023-05-29 16:57:46,749 INFO org.hibernate.dialect.Dialect [restartedMain] HHH000400: Using dialect: org.hibernate.dialect.MySQL8Dialect
2023-05-29 16:57:48,831 INFO org.hibernate.engine.transaction.jta.platform.internal.JtaPlatformInitiator [restartedMain] HHH000490: Using JtaPlatform implementation: [org.hibernate.engine.transaction.jta.platform.internal.NoJtaPlatform]
2023-05-29 16:57:48,832 INFO org.springframework.orm.jpa.LocalContainerEntityManagerFactoryBean [restartedMain] Initialized JPA EntityManagerFactory for persistence unit 'default'
2023-05-29 16:57:48,961 WARN org.springframework.boot.autoconfigure.orm.jpa.JpaBaseConfiguration$JpaWebConfiguration [restartedMain] spring.jpa.open-in-view is enabled by default. Therefore, database queries may be performed during view rendering. Explicitly configure spring.jpa.open-in-view to disable this warning
2023-05-29 16:57:49,029 INFO org.springframework.boot.devtools.autoconfigure.OptionalLiveReloadServer [restartedMain] LiveReload server is running on port 35729
2023-05-29 16:57:49,037 INFO org.apache.coyote.http11.Http11NioProtocol [restartedMain] Starting ProtocolHandler ["http-nio-8080"]
2023-05-29 16:57:49,041 INFO org.springframework.boot.web.embedded.tomcat.TomcatWebServer [restartedMain] Tomcat started on port(s): 8080 (http) with context path ''
2023-05-29 16:57:49,045 INFO com.dgv.restaurant.DemoApplication [restartedMain] Started DemoApplication in 4.065 seconds (JVM running for 127.714)
2023-05-29 16:57:49,047 INFO org.springframework.boot.devtools.autoconfigure.ConditionEvaluationDeltaLoggingListener [restartedMain] Condition evaluation unchanged
2023-05-29 16:58:45,396 INFO org.springframework.orm.jpa.LocalContainerEntityManagerFactoryBean [Thread-7] Closing JPA EntityManagerFactory for persistence unit 'default'
2023-05-29 16:58:45,397 INFO com.zaxxer.hikari.HikariDataSource [Thread-7] HikariPool-2 - Shutdown initiated...
2023-05-29 16:58:47,263 INFO com.zaxxer.hikari.HikariDataSource [Thread-7] HikariPool-2 - Shutdown completed.
